SF:lib/core/errors/failures.dart
DA:6,3
DA:7,0
DA:8,0
DA:12,1
DA:16,1
DA:20,2
LF:6
LH:4
end_of_record
SF:lib/features/registration/domain/entities/user.dart
DA:13,2
DA:23,0
DA:25,0
DA:36,1
DA:41,0
DA:42,0
LF:6
LH:2
end_of_record
SF:lib/features/registration/domain/use_cases/sign_up_use_case.dart
DA:11,1
DA:12,1
DA:14,2
DA:27,1
DA:33,0
DA:34,0
LF:6
LH:4
end_of_record
SF:lib/core/entities/base_user.dart
DA:9,2
DA:17,0
DA:18,0
LF:3
LH:1
end_of_record
SF:lib/core/usecases/usecase.dart
DA:10,0
DA:11,0
LF:2
LH:0
end_of_record
SF:lib/core/utils/encryption.dart
DA:4,1
DA:5,2
DA:8,1
DA:9,1
LF:4
LH:4
end_of_record
SF:lib/features/registration/domain/use_cases/login_use_case.dart
DA:17,1
DA:18,1
DA:20,1
DA:21,2
DA:22,1
DA:23,2
DA:24,1
DA:25,4
DA:26,3
DA:40,1
DA:45,0
DA:46,0
LF:12
LH:10
end_of_record
