SF:lib/core/errors/failures.dart
DA:5,31
DA:6,3
DA:7,3
DA:11,3
DA:15,5
DA:19,2
DA:23,2
DA:27,4
DA:31,1
DA:34,3
DA:38,5
DA:42,5
DA:46,18
LF:13
LH:13
end_of_record
SF:lib/core/utils/validators/email_validator.dart
DA:7,3
DA:13,1
DA:15,1
DA:17,2
DA:20,1
LF:5
LH:5
end_of_record
SF:lib/core/utils/validators/password_validator.dart
DA:24,1
DA:26,1
DA:29,2
DA:30,1
DA:34,1
DA:35,1
DA:39,1
DA:40,1
DA:44,1
DA:45,1
DA:49,1
DA:50,2
DA:54,1
DA:58,1
DA:59,2
DA:63,1
DA:64,2
DA:68,1
DA:69,2
LF:19
LH:19
end_of_record
SF:lib/core/utils/encryption.dart
DA:4,1
DA:5,2
DA:8,1
DA:9,1
LF:4
LH:4
end_of_record
SF:lib/core/entities/base_user.dart
DA:9,8
DA:17,2
DA:18,10
LF:3
LH:3
end_of_record
SF:lib/core/usecases/usecase.dart
DA:10,0
DA:11,0
DA:17,2
DA:19,0
DA:20,0
DA:23,2
DA:25,2
DA:26,2
DA:27,4
DA:28,6
DA:33,2
DA:38,6
DA:39,4
DA:42,2
LF:14
LH:10
end_of_record
SF:lib/features/registration/domain/entities/user.dart
DA:13,8
DA:23,2
DA:25,12
DA:36,6
DA:41,2
DA:42,6
LF:6
LH:6
end_of_record
SF:lib/features/registration/domain/use_cases/sign_up_use_case.dart
DA:13,1
DA:14,1
DA:16,3
DA:17,1
DA:18,1
DA:19,1
DA:20,1
DA:23,2
DA:36,6
DA:42,1
DA:43,5
LF:11
LH:11
end_of_record
SF:lib/features/registration/presentation/bloc/sign_up_bloc/sign_up_event.dart
DA:4,1
DA:13,1
DA:20,0
DA:21,0
LF:4
LH:2
end_of_record
SF:lib/features/registration/presentation/bloc/sign_up_bloc/sign_up_bloc.dart
DA:19,1
DA:23,2
DA:24,2
DA:25,1
DA:28,3
DA:29,1
DA:30,3
DA:31,1
DA:32,1
DA:33,3
DA:34,1
DA:35,3
DA:36,1
DA:37,1
DA:38,1
DA:39,1
DA:40,1
DA:47,2
DA:48,2
DA:49,1
DA:50,1
DA:51,2
DA:53,1
DA:54,2
LF:24
LH:24
end_of_record
SF:lib/features/registration/presentation/bloc/sign_up_bloc/sign_up_state.dart
DA:4,1
DA:8,0
DA:9,0
DA:13,1
DA:14,1
DA:19,1
DA:20,1
DA:21,2
DA:27,1
DA:28,1
DA:29,1
LF:11
LH:9
end_of_record
SF:lib/core/database/database.g.dart
DA:10,0
DA:66,0
DA:67,0
DA:68,0
DA:69,0
DA:70,0
DA:71,0
DA:72,0
DA:73,0
DA:74,0
DA:75,0
DA:77,0
DA:78,0
DA:79,0
DA:82,0
DA:85,0
DA:86,0
DA:87,0
DA:88,0
DA:90,0
DA:91,0
DA:92,0
DA:94,0
DA:96,0
DA:97,0
DA:99,0
DA:100,0
DA:102,0
DA:104,0
DA:105,0
DA:106,0
DA:108,0
DA:110,0
DA:111,0
DA:112,0
DA:114,0
DA:116,0
DA:117,0
DA:119,0
DA:120,0
DA:122,0
DA:124,0
DA:125,0
DA:126,0
DA:128,0
DA:129,0
DA:131,0
DA:132,0
DA:134,0
DA:139,0
DA:140,0
DA:141,0
DA:143,0
DA:144,0
DA:145,0
DA:146,0
DA:147,0
DA:148,0
DA:149,0
DA:150,0
DA:151,0
DA:152,0
DA:153,0
DA:154,0
DA:155,0
DA:156,0
DA:157,0
DA:158,0
DA:159,0
DA:160,0
DA:164,0
DA:166,0
DA:179,2
DA:188,0
DA:190,0
DA:191,0
DA:192,0
DA:193,0
DA:194,0
DA:195,0
DA:196,0
DA:197,0
DA:198,0
DA:200,0
DA:204,0
DA:205,0
DA:206,0
DA:207,0
DA:208,0
DA:209,0
DA:210,0
DA:211,0
DA:212,0
DA:214,0
DA:215,0
DA:219,0
DA:221,0
DA:222,0
DA:223,0
DA:224,0
DA:225,0
DA:226,0
DA:227,0
DA:228,0
DA:229,0
DA:230,0
DA:233,0
DA:235,0
DA:236,0
DA:237,0
DA:238,0
DA:239,0
DA:240,0
DA:241,0
DA:242,0
DA:243,0
DA:244,0
DA:248,0
DA:257,0
DA:258,0
DA:259,0
DA:260,0
DA:261,0
DA:262,0
DA:263,0
DA:264,0
DA:265,0
DA:267,0
DA:268,0
DA:269,0
DA:270,0
DA:271,0
DA:272,0
DA:273,0
DA:274,0
DA:275,0
DA:277,0
DA:278,0
DA:279,0
DA:280,0
DA:281,0
DA:285,0
DA:287,0
DA:288,0
DA:289,0
DA:290,0
DA:291,0
DA:292,0
DA:293,0
DA:294,0
DA:295,0
DA:296,0
DA:297,0
DA:300,0
DA:301,0
DA:302,0
DA:303,0
DA:306,0
DA:307,0
DA:308,0
DA:309,0
DA:310,0
DA:311,0
DA:312,0
DA:313,0
DA:314,0
DA:326,2
DA:336,0
DA:345,0
DA:346,0
DA:347,0
DA:348,0
DA:349,0
DA:350,0
DA:351,0
DA:361,0
DA:362,0
DA:363,0
DA:364,0
DA:365,0
DA:366,0
DA:367,0
DA:368,0
DA:369,0
DA:373,0
DA:382,0
DA:383,0
DA:384,0
DA:385,0
DA:386,0
DA:387,0
DA:388,0
DA:389,0
DA:390,0
DA:394,1
DA:396,1
DA:397,2
DA:398,0
DA:400,2
DA:401,4
DA:403,2
DA:404,0
DA:406,2
DA:407,4
DA:409,2
DA:410,4
DA:412,2
DA:413,4
DA:415,2
DA:416,4
DA:418,2
DA:419,4
DA:424,0
DA:426,0
DA:427,0
DA:428,0
DA:429,0
DA:430,0
DA:431,0
DA:432,0
DA:433,0
DA:434,0
DA:435,0
DA:436,0
DA:441,0
DA:442,0
DA:444,0
DA:446,0
DA:447,0
DA:448,0
DA:474,0
DA:475,0
DA:476,0
DA:477,0
DA:478,0
DA:480,0
DA:481,0
DA:482,0
DA:483,0
DA:485,0
DA:486,0
DA:487,0
DA:488,0
DA:490,0
DA:491,0
DA:492,0
DA:493,0
DA:495,0
DA:496,0
DA:497,0
DA:498,0
DA:500,0
DA:501,0
DA:502,0
DA:503,0
DA:505,0
DA:506,0
DA:507,0
DA:508,0
DA:510,0
DA:511,0
DA:512,0
DA:513,0
DA:518,0
DA:519,0
DA:520,0
DA:521,0
DA:522,0
DA:524,0
DA:525,0
DA:526,0
DA:527,0
DA:529,0
DA:530,0
DA:531,0
DA:532,0
DA:534,0
DA:535,0
DA:536,0
DA:537,0
DA:539,0
DA:540,0
DA:541,0
DA:542,0
DA:544,0
DA:545,0
DA:546,0
DA:547,0
DA:549,0
DA:550,0
DA:551,0
DA:552,0
DA:554,0
DA:555,0
DA:556,0
DA:557,0
DA:571,0
DA:572,0
DA:576,0
DA:578,0
DA:579,0
DA:589,0
DA:599,0
DA:609,0
DA:619,0
DA:620,0
DA:621,0
DA:640,0
DA:641,0
DA:642,0
LF:310
LH:18
end_of_record
SF:lib/core/database/database.dart
DA:14,0
DA:16,0
DA:19,0
DA:21,0
DA:23,0
DA:25,0
DA:27,0
DA:28,0
DA:29,0
DA:31,0
DA:32,0
DA:33,0
DA:35,0
DA:36,0
DA:37,0
DA:39,0
DA:40,0
DA:41,0
DA:44,0
DA:45,0
DA:46,0
DA:47,0
DA:48,0
LF:23
LH:0
end_of_record
SF:lib/features/registration/data/datasources/local_db_datasource.dart
DA:34,1
DA:37,1
DA:39,3
DA:40,1
DA:43,0
DA:45,0
DA:48,0
DA:50,0
DA:53,1
DA:55,2
DA:56,1
DA:57,0
DA:60,1
DA:62,2
DA:63,1
DA:64,0
DA:67,0
DA:69,0
DA:72,0
DA:74,0
DA:77,0
DA:79,0
DA:82,1
DA:84,2
DA:85,1
DA:86,1
LF:26
LH:14
end_of_record
SF:lib/features/registration/data/models/user_create_model.dart
DA:7,3
DA:14,1
DA:15,5
DA:18,2
DA:19,2
DA:20,4
DA:21,4
DA:22,4
DA:23,4
DA:24,4
LF:10
LH:10
end_of_record
SF:lib/features/registration/data/models/user_login_credentials_model.dart
DA:6,5
DA:11,2
DA:12,2
DA:13,2
DA:14,2
LF:5
LH:5
end_of_record
SF:lib/core/database/tables/users.dart
DA:4,0
DA:5,0
DA:6,0
DA:7,0
DA:8,0
DA:9,0
DA:10,0
DA:11,0
LF:8
LH:0
end_of_record
SF:lib/features/registration/data/models/user_model.dart
DA:7,2
DA:17,1
DA:18,1
DA:19,1
DA:20,1
DA:21,1
DA:22,1
DA:23,1
DA:24,1
DA:25,1
DA:30,1
DA:31,1
DA:32,2
DA:33,2
DA:34,2
DA:35,2
DA:36,2
DA:37,2
LF:18
LH:18
end_of_record
SF:lib/features/registration/data/datasources/local_shared_pref_datasource.dart
DA:17,1
DA:19,1
DA:21,2
DA:22,2
DA:25,1
DA:27,3
DA:28,1
LF:7
LH:7
end_of_record
SF:lib/features/registration/data/repositories/user_repository.dart
DA:17,1
DA:22,1
DA:25,3
DA:28,4
DA:29,1
DA:30,2
DA:38,1
DA:41,3
DA:42,1
DA:43,4
DA:47,1
DA:50,3
DA:51,1
DA:52,4
DA:56,1
DA:59,2
DA:60,2
DA:61,1
DA:62,4
DA:63,1
DA:64,4
DA:68,1
DA:71,2
DA:73,3
DA:74,1
DA:76,5
DA:77,1
DA:78,5
DA:82,1
DA:87,2
DA:88,1
DA:89,4
DA:91,3
DA:92,1
DA:94,5
DA:97,1
DA:101,2
DA:102,1
DA:103,1
DA:104,4
DA:108,1
DA:111,2
DA:112,1
DA:113,1
DA:118,1
DA:121,2
DA:122,1
DA:123,1
DA:129,2
DA:131,2
DA:133,2
DA:135,2
DA:137,1
DA:138,1
LF:54
LH:54
end_of_record
SF:lib/core/services/email_service.dart
DA:12,0
DA:21,2
DA:24,2
DA:25,4
DA:30,0
DA:32,0
DA:33,0
DA:35,0
DA:45,0
DA:55,0
DA:56,0
DA:57,0
DA:58,0
DA:59,0
DA:60,0
DA:63,0
DA:64,0
DA:65,0
DA:67,0
DA:68,0
DA:69,0
DA:70,0
DA:78,0
DA:80,0
DA:81,0
DA:83,0
DA:93,0
DA:103,0
DA:105,0
DA:106,0
DA:107,0
DA:108,0
DA:109,0
DA:112,0
DA:113,0
DA:114,0
DA:116,0
DA:117,0
DA:118,0
DA:119,0
LF:40
LH:3
end_of_record
SF:lib/features/registration/domain/use_cases/verify_email_use_case.dart
DA:18,1
DA:23,1
DA:25,1
DA:28,1
DA:29,1
DA:30,5
DA:33,3
DA:34,4
DA:35,2
DA:36,3
DA:37,2
DA:38,4
DA:39,2
DA:40,2
DA:41,1
DA:46,1
DA:47,3
DA:50,1
DA:51,1
DA:53,3
DA:54,1
DA:55,0
DA:56,4
DA:62,1
DA:63,1
DA:64,1
DA:65,1
DA:66,1
DA:67,1
DA:68,1
DA:69,1
LF:31
LH:30
end_of_record
SF:lib/features/registration/domain/use_cases/sign_out_use_case.dart
DA:8,1
DA:9,1
DA:11,2
LF:3
LH:3
end_of_record
SF:lib/features/registration/domain/use_cases/forget_password_use_case.dart
DA:17,1
DA:22,1
DA:24,1
DA:27,1
DA:28,1
DA:29,5
DA:32,3
DA:33,4
DA:34,2
DA:35,2
DA:36,1
DA:37,2
DA:38,4
DA:39,2
DA:40,2
DA:41,1
DA:46,1
DA:47,1
DA:48,2
DA:51,1
DA:53,1
DA:54,3
DA:56,1
LF:23
LH:23
end_of_record
SF:lib/features/registration/domain/use_cases/delete_account_usecase.dart
DA:10,1
DA:12,1
DA:14,2
DA:15,3
DA:16,1
DA:17,2
LF:6
LH:6
end_of_record
SF:lib/features/registration/domain/use_cases/login_use_case.dart
DA:20,1
DA:22,1
DA:25,3
DA:26,3
DA:27,1
DA:28,2
DA:29,2
DA:30,3
DA:31,4
DA:32,1
DA:33,3
DA:34,1
DA:35,2
DA:36,1
DA:37,1
DA:53,1
DA:55,0
DA:56,0
LF:18
LH:16
end_of_record
